==================================================
Orion Rastreador Windows - Iniciando...
==================================================
Web interface running at http://localhost:3456
✓ Servidor web iniciado en http://localhost:3456
✓ Auto-iniciando rastreador (estaba habilitado)
Starting tracker with interval: 60s
[2026-02-11T21:11:36.356Z] Tracker tick...
Falling back to IP geolocation...
==================================================
Sistema listo. Accede a http://localhost:3456 para configurar.
==================================================
✓ WiFi geolocation enabled. Detected 19 networks.
[2026-02-11T21:12:36.445Z] Tracker tick...
Scanning WiFi networks for geolocation...
Found 24 WiFi networks
Using 10 access points for geolocation
Trying Google Geolocation API...
Trying Unwired Labs LocationAPI...
Trying Mozilla Location Service...
Falling back to IP geolocation...
==================================================
Orion Rastreador Windows - Iniciando...
==================================================
Web interface running at http://localhost:3456
✓ Servidor web iniciado en http://localhost:3456
✓ Auto-iniciando rastreador (estaba habilitado)
Starting tracker with interval: 60s
[2026-02-11T21:14:26.187Z] Tracker tick...
Falling back to IP geolocation...
==================================================
Sistema listo. Accede a http://localhost:3456 para configurar.
==================================================
✓ WiFi geolocation enabled. Detected 19 networks.
[2026-02-11T21:15:26.307Z] Tracker tick...
Scanning WiFi networks for geolocation...
Found 22 WiFi networks
Using 10 access points for geolocation
Trying Google Geolocation API...
Trying Unwired Labs LocationAPI...
Trying Mozilla Location Service...
Falling back to IP geolocation...
Trying fallback IP geolocation service...
[2026-02-11T21:16:26.447Z] Tracker tick...
Scanning WiFi networks for geolocation...
Found 23 WiFi networks
Using 10 access points for geolocation
Trying Google Geolocation API...
Trying Unwired Labs LocationAPI...
Trying Mozilla Location Service...
Falling back to IP geolocation...
Trying fallback IP geolocation service...
[2026-02-11T21:17:26.465Z] Tracker tick...
Scanning WiFi networks for geolocation...
Found 23 WiFi networks
Using 10 access points for geolocation
Trying Google Geolocation API...
Trying Unwired Labs LocationAPI...
Trying Mozilla Location Service...
Falling back to IP geolocation...
Trying fallback IP geolocation service...
[2026-02-11T21:18:26.477Z] Tracker tick...
Scanning WiFi networks for geolocation...
Found 23 WiFi networks
Using 10 access points for geolocation
Trying Google Geolocation API...
Trying Unwired Labs LocationAPI...
Trying Mozilla Location Service...
Falling back to IP geolocation...
Trying fallback IP geolocation service...
[2026-02-11T21:19:26.489Z] Tracker tick...
Scanning WiFi networks for geolocation...
Found 23 WiFi networks
Using 10 access points for geolocation
Trying Google Geolocation API...
Trying Unwired Labs LocationAPI...
Trying Mozilla Location Service...
Falling back to IP geolocation...
Detected public IP: 186.57.177.103
Trying fallback IP geolocation service...
Detected public IP: 186.57.177.103
Trying fallback IP geolocation service...
✓ Fallback IP location: Quilmes, Argentina
[2026-02-11T21:19:33.391Z] Location sent successfully
[2026-02-11T21:20:26.489Z] Tracker tick...
Scanning WiFi networks for geolocation...
Found 10 WiFi networks
Using 9 access points for geolocation
Trying Google Geolocation API...
✓ Google WiFi location: -34.714448, -58.306370 (±19.186m)
[2026-02-11T21:20:34.879Z] Location sent successfully
[2026-02-11T21:21:26.497Z] Tracker tick...
Scanning WiFi networks for geolocation...
Found 10 WiFi networks
Using 9 access points for geolocation
Trying Google Geolocation API...
✓ Google WiFi location: -34.714448, -58.306370 (±19.186m)
[2026-02-11T21:21:28.203Z] Location sent successfully
[2026-02-11T21:22:26.506Z] Tracker tick...
Scanning WiFi networks for geolocation...
Found 10 WiFi networks
Using 9 access points for geolocation
Trying Google Geolocation API...
✓ Google WiFi location: -34.714448, -58.306370 (±19.186m)
[2026-02-11T21:22:27.053Z] Location sent successfully
Stopping tracker
Starting tracker with interval: 60s
[2026-02-11T21:23:08.143Z] Tracker tick...
Scanning WiFi networks for geolocation...
Found 14 WiFi networks
Using 10 access points for geolocation
Trying Google Geolocation API...
✓ Google WiFi location: -34.714488, -58.306273 (±19.45m)
[2026-02-11T21:23:08.838Z] Location sent successfully
Stopping tracker
Starting tracker with interval: 600s
[2026-02-11T21:23:13.374Z] Tracker tick...
Scanning WiFi networks for geolocation...
Found 14 WiFi networks
Using 10 access points for geolocation
Trying Google Geolocation API...
✓ Google WiFi location: -34.714488, -58.306273 (±19.45m)
[2026-02-11T21:23:13.770Z] Location sent successfully
[2026-02-11T21:33:13.398Z] Tracker tick...
Scanning WiFi networks for geolocation...
Falling back to IP geolocation...
Trying fallback IP geolocation service...
[2026-02-11T21:43:13.401Z] Tracker tick...
Scanning WiFi networks for geolocation...
Falling back to IP geolocation...
Trying fallback IP geolocation service...
[2026-02-11T21:53:13.409Z] Tracker tick...
Scanning WiFi networks for geolocation...
Falling back to IP geolocation...
Trying fallback IP geolocation service...
[2026-02-11T22:03:13.423Z] Tracker tick...
Scanning WiFi networks for geolocation...
Falling back to IP geolocation...
Trying fallback IP geolocation service...
[2026-02-11T22:13:13.427Z] Tracker tick...
Scanning WiFi networks for geolocation...
Falling back to IP geolocation...
Trying fallback IP geolocation service...
[2026-02-11T22:23:13.430Z] Tracker tick...
Scanning WiFi networks for geolocation...
Falling back to IP geolocation...
Trying fallback IP geolocation service...
[2026-02-11T22:33:13.444Z] Tracker tick...
Scanning WiFi networks for geolocation...
Falling back to IP geolocation...
Trying fallback IP geolocation service...
[2026-02-11T22:43:13.458Z] Tracker tick...
Scanning WiFi networks for geolocation...
Falling back to IP geolocation...
Trying fallback IP geolocation service...
[2026-02-11T22:53:13.459Z] Tracker tick...
Scanning WiFi networks for geolocation...
Falling back to IP geolocation...
Trying fallback IP geolocation service...
[2026-02-11T23:03:13.471Z] Tracker tick...
Scanning WiFi networks for geolocation...
Found 18 WiFi networks
Using 10 access points for geolocation
Trying Google Geolocation API...
✓ Google WiFi location: -34.714491, -58.306298 (±25.242m)
[2026-02-11T23:03:14.226Z] Location sent successfully
Stopping tracker
==================================================
Orion Rastreador Windows - Iniciando...
==================================================
Web interface running at http://localhost:3456
✓ Servidor web iniciado en http://localhost:3456
○ Rastreador detenido. Usa la interfaz web para iniciarlo.
==================================================
Sistema listo. Accede a http://localhost:3456 para configurar.
==================================================
✓ WiFi geolocation enabled. Detected 12 networks.
==================================================
Orion Rastreador Windows - Iniciando...
==================================================
Web interface running at http://localhost:3456
✓ Servidor web iniciado en http://localhost:3456
○ Rastreador detenido. Usa la interfaz web para iniciarlo.
==================================================
Sistema listo. Accede a http://localhost:3456 para configurar.
==================================================
✓ WiFi geolocation enabled. Detected 18 networks.
